<?xml version="1.0" encoding="UTF-8"?>
<!-- Generated by org.testng.reporters.JUnitReportReporter -->
<testsuite skipped="0" hostname="Radia" name="homeDepMentoring.HdepoCreate" tests="1" failures="0" timestamp="2021-05-27T11:47:19 EDT" time="32.637" errors="0">
  <testcase name="f" time="32.637" classname="homeDepMentoring.HdepoCreate"/>
  <system-out/>
</testsuite> <!-- homeDepMentoring.HdepoCreate -->
