<?xml version="1.0" encoding="UTF-8"?>
<!-- Generated by org.testng.reporters.JUnitReportReporter -->
<testsuite skipped="0" hostname="Radia" name="RadiaPractice.MyMavn1.MvnPrct1" tests="2" failures="0" timestamp="2021-04-18T22:06:12 EDT" time="0.010" errors="0">
  <testcase name="print8" time="0.009" classname="RadiaPractice.MyMavn1.MvnPrct1"/>
  <system-out/>
  <testcase name="print" time="0.001" classname="RadiaPractice.MyMavn1.MvnPrct1"/>
  <system-out/>
</testsuite> <!-- RadiaPractice.MyMavn1.MvnPrct1 -->
