<?xml version="1.0" encoding="UTF-8"?>
<!-- Generated by org.testng.reporters.JUnitReportReporter -->
<testsuite skipped="0" hostname="Radia" name="myHomeDepot.Usability" tests="1" failures="0" timestamp="2021-05-26T07:04:18 EDT" time="0.004" errors="0">
  <testcase name="f" time="0.004" classname="myHomeDepot.Usability"/>
  <system-out/>
</testsuite> <!-- myHomeDepot.Usability -->
